<?xml version="1.0" encoding="UTF-8"?>
<!-- Generated by org.testng.reporters.JUnitReportReporter -->
<testsuite hostname="Manikandan" failures="0" tests="4" name="com.Mani_Maven_Project.Amazon.Testng" time="1.077" errors="0" timestamp="2023-03-07T18:27:46 IST" skipped="0">
  <testcase classname="com.Mani_Maven_Project.Amazon.Testng" name="searchLaptop3" time="0.018"/>
  <system-out/>
  <testcase classname="com.Mani_Maven_Project.Amazon.Testng" name="searchMobile1" time="0.019"/>
  <system-out/>
  <testcase classname="com.Mani_Maven_Project.Amazon.Testng" name="searchLaptop2" time="1.020"/>
  <system-out/>
  <testcase classname="com.Mani_Maven_Project.Amazon.Testng" name="searchLaptop4" time="0.020"/>
  <system-out/>
</testsuite> <!-- com.Mani_Maven_Project.Amazon.Testng -->
